  build.cpp
H:\Programming\Cpp\Counter-strike\Hacks\Sources\hpp_v6_sourcecode_leak_2021\hackovh-hack-51662e94a29a\hackovh-hack-51662e94a29a\hack.ovh\rename_me\Main.h(25,10): fatal error C1083: Cannot open include file: 'd3dx9.h': No such file or directory
  window.cpp
H:\Programming\Cpp\Counter-strike\Hacks\Sources\hpp_v6_sourcecode_leak_2021\hackovh-hack-51662e94a29a\hackovh-hack-51662e94a29a\hack.ovh\rename_me\Main.h(25,10): fatal error C1083: Cannot open include file: 'd3dx9.h': No such file or directory
  imgui.cpp
  imgui_draw.cpp
  imgui_impl_dx9.cpp
H:\Programming\Cpp\Counter-strike\Hacks\Sources\hpp_v6_sourcecode_leak_2021\hackovh-hack-51662e94a29a\hackovh-hack-51662e94a29a\hack.ovh\rename_me\Main.h(25,10): fatal error C1083: Cannot open include file: 'd3dx9.h': No such file or directory
  license.cpp
H:\Programming\Cpp\Counter-strike\Hacks\Sources\hpp_v6_sourcecode_leak_2021\hackovh-hack-51662e94a29a\hackovh-hack-51662e94a29a\hack.ovh\rename_me\main.h(25,10): fatal error C1083: Cannot open include file: 'd3dx9.h': No such file or directory
  main.cpp
H:\Programming\Cpp\Counter-strike\Hacks\Sources\hpp_v6_sourcecode_leak_2021\hackovh-hack-51662e94a29a\hackovh-hack-51662e94a29a\hack.ovh\rename_me\Main.h(25,10): fatal error C1083: Cannot open include file: 'd3dx9.h': No such file or directory
  WindowForm.cpp
H:\Programming\Cpp\Counter-strike\Hacks\Sources\hpp_v6_sourcecode_leak_2021\hackovh-hack-51662e94a29a\hackovh-hack-51662e94a29a\hack.ovh\rename_me\main.h(25,10): fatal error C1083: Cannot open include file: 'd3dx9.h': No such file or directory
  Generating Code...

Project Performance Summary:
     7400 ms  H:\Programming\Cpp\Counter-strike\Hacks\Sources\hpp_v6_sourcecode_leak_2021\hackovh-hack-51662e94a29a\hackovh-hack-51662e94a29a\hack.ovh\rename_me\rename_me.vcxproj   1 calls
               7400 ms  Build                                      1 calls

Target Performance Summary:
        0 ms  PreBuildEvent                              1 calls
        0 ms  SelectClCompile                            1 calls
        0 ms  _SelectedFiles                             1 calls
        0 ms  SelectCustomBuild                          1 calls
        0 ms  ComputeCustomBuildOutput                   1 calls
        0 ms  CopyFileToFolders                          1 calls
        0 ms  _Xsd                                       1 calls
        0 ms  ComputeMIDLGeneratedCompileInputs          1 calls
        0 ms  AfterMidl                                  1 calls
        0 ms  BeforeBuildGenerateSources                 1 calls
        0 ms  _Midl                                      1 calls
        0 ms  AfterBuildGenerateSourcesEvent             1 calls
        0 ms  _BuildGenerateSourcesAction                1 calls
        0 ms  BuildGenerateSources                       1 calls
        0 ms  BuildCompileTraverse                       1 calls
        0 ms  BeforeClCompile                            1 calls
        0 ms  ComputeCLInputPDBName                      1 calls
        0 ms  FindReferenceAssembliesForReferences       1 calls
        0 ms  GetReferencedVCProjectsInfo                1 calls
        0 ms  AfterBuildGenerateSources                  1 calls
        0 ms  ResolveReferences                          1 calls
        0 ms  BuildGenerateSourcesTraverse               1 calls
        0 ms  GetReferenceAssemblyPaths                  1 calls
        0 ms  PrepareProjectReferences                   1 calls
        0 ms  AfterResolveReferences                     1 calls
        0 ms  GetResolvedWinMD                           1 calls
        0 ms  _PrepareForReferenceResolution             1 calls
        0 ms  SetCABuildNativeEnvironmentVariables       1 calls
        0 ms  BeforeResolveReferences                    1 calls
        0 ms  ResolveSDKReferences                       1 calls
        0 ms  ExpandSDKReferences                        1 calls
        0 ms  ResolveAssemblyReferences                  1 calls
        1 ms  _GetProjectReferenceTargetFrameworkProperties   1 calls
        1 ms  GetFrameworkPaths                          1 calls
        1 ms  ComputeReferenceCLInput                    1 calls
        1 ms  _PrepareForBuild                           1 calls
        1 ms  MakeDirsForMidl                            1 calls
        1 ms  SetBuildDefaultEnvironmentVariables        1 calls
        1 ms  _SplitProjectReferencesByFileExistence     1 calls
        2 ms  AssignProjectConfiguration                 1 calls
        2 ms  FixupCLCompileOptions                      1 calls
        4 ms  MakeDirsForCl                              1 calls
        4 ms  WarnCompileDuplicatedFilename              1 calls
        6 ms  CustomBuild                                1 calls
        6 ms  SetTelemetryEnvironmentVariables           1 calls
       13 ms  PrepareForBuild                            1 calls
       17 ms  ResolveProjectReferences                   1 calls
       19 ms  _CheckWindowsSDKInstalled                  1 calls
       22 ms  _CheckForInvalidConfigurationAndPlatform   1 calls
       29 ms  InitializeBuildStatus                      1 calls
     7265 ms  ClCompile                                  1 calls

Task Performance Summary:
        0 ms  Delete                                     1 calls
        1 ms  MSBuild                                    1 calls
        1 ms  AssignProjectConfiguration                 1 calls
        2 ms  ReadLinesFromFile                          1 calls
        2 ms  Message                                    2 calls
        2 ms  CheckVCToolsetVersion                      1 calls
        2 ms  SetEnv                                     8 calls
        2 ms  WriteLinesToFile                           1 calls
        4 ms  MakeDir                                    5 calls
        6 ms  GetOutOfDateItems                          3 calls
       25 ms  Touch                                      1 calls
     7263 ms  CL                                         1 calls
